<?xml version="1.0" encoding="UTF-8"?>
<robot generator="Robot 3.2.2 (Python 3.9.4 on win32)" generated="20210507 18:23:31.151" rpa="false">
<suite id="s1" name="Pdftest" source="C:\XIT\DataComparion\poc\pdftest.robot">
<test id="s1-t1" name="Log Number Of Pages In Pdf File">
<kw name="Get Number Of Pages In Pdf" library="pdflib">
<doc>This method used to get number of pages in pdf file</doc>
<arguments>
<arg>${PDF_PATH}</arg>
</arguments>
<assign>
<var>${pages_count}</var>
</assign>
<msg timestamp="20210507 18:23:31.263" level="INFO">${pages_count} = 2</msg>
<status status="PASS" starttime="20210507 18:23:31.259" endtime="20210507 18:23:31.263"></status>
</kw>
<kw name="Log" library="BuiltIn">
<doc>Logs the given message with the given level.</doc>
<arguments>
<arg>${pages_count}</arg>
</arguments>
<msg timestamp="20210507 18:23:31.264" level="INFO">2</msg>
<status status="PASS" starttime="20210507 18:23:31.264" endtime="20210507 18:23:31.264"></status>
</kw>
<status status="PASS" starttime="20210507 18:23:31.258" endtime="20210507 18:23:31.265" critical="yes"></status>
</test>
<test id="s1-t2" name="Log Specific Page Text From Pdf File">
<kw name="Get Specific Page Text In Pdf" library="pdflib">
<doc>This method used to get specific page text in pdf file</doc>
<arguments>
<arg>${PDF_PATH}</arg>
<arg>2</arg>
</arguments>
<assign>
<var>${pdf_text}</var>
</assign>
<msg timestamp="20210507 18:23:31.281" level="FAIL">IndexError: list index out of range</msg>
<status status="FAIL" starttime="20210507 18:23:31.270" endtime="20210507 18:23:31.282"></status>
</kw>
<status status="FAIL" starttime="20210507 18:23:31.267" endtime="20210507 18:23:31.283" critical="yes">IndexError: list index out of range</status>
</test>
<test id="s1-t3" name="Log Entire Pdf File Text">
<kw name="Get Entire Pdf Text" library="pdflib">
<doc>This method used to get entire pdf text from pdf file</doc>
<arguments>
<arg>${PDF_PATH}</arg>
</arguments>
<assign>
<var>${pdf_text1}</var>
</assign>
<msg timestamp="20210507 18:23:31.301" level="INFO">${pdf_text1} =  A Simple PDF File  This is a small demonstration .pdf file -  just for use in the Virtual Mechanics tutorials. More text. And more  text. And more text. And more text. And more text.  And more text. ...</msg>
<status status="PASS" starttime="20210507 18:23:31.288" endtime="20210507 18:23:31.301"></status>
</kw>
<kw name="Log" library="BuiltIn">
<doc>Logs the given message with the given level.</doc>
<arguments>
<arg>${pdf_text1}</arg>
</arguments>
<msg timestamp="20210507 18:23:31.302" level="INFO"> A Simple PDF File  This is a small demonstration .pdf file -  just for use in the Virtual Mechanics tutorials. More text. And more  text. And more text. And more text. And more text.  And more text. And more text. And more text. And more text. And more  text. And more text. Boring, zzzzz. And more text. And more text. And  more text. And more text. And more text. And more text. And more text.  And more text. And more text.  And more text. And more text. And more text. And more text. And more  text. And more text. And more text. Even more. Continued on page 2 ... Simple PDF File 2  ...continued from page 1. Yet more text. And more text. And more text.  And more text. And more text. And more text. And more text. And more  text. Oh, how boring typing this stuff. But not as boring as watching  paint dry. And more text. And more text. And more text. And more text.  Boring.  More, a little more text. The end, and just as well. </msg>
<status status="PASS" starttime="20210507 18:23:31.302" endtime="20210507 18:23:31.303"></status>
</kw>
<kw name="Get Entire Pdf Text" library="pdflib">
<doc>This method used to get entire pdf text from pdf file</doc>
<arguments>
<arg>${PDF_PATH2}</arg>
</arguments>
<assign>
<var>${pdf_text2}</var>
</assign>
<msg timestamp="20210507 18:23:31.347" level="INFO">${pdf_text2} =  This is a small demonstration .pdf file -  just for use in the Virtual Mechanics tutorials. More text. And more  text. And more text. And more text. And more text.  And more text. And more text. And ...</msg>
<status status="PASS" starttime="20210507 18:23:31.303" endtime="20210507 18:23:31.347"></status>
</kw>
<kw name="Log" library="BuiltIn">
<doc>Logs the given message with the given level.</doc>
<arguments>
<arg>${pdf_text2}</arg>
</arguments>
<msg timestamp="20210507 18:23:31.352" level="INFO"> This is a small demonstration .pdf file -  just for use in the Virtual Mechanics tutorials. More text. And more  text. And more text. And more text. And more text.  And more text. And more text. And more text. And more text. And more  more text. And more text. And more text. And more text. And more text.  And more text. And more text.  And more text. And more text. And more text. And more text. And more  text. And more text. Bore, zzzzz. And more text. And more text. And text. And more text. And more text. Even more. Continued on page 3 ... A Simple PDF Files Simple PDF File 2  ...continued from page 1. Yet more text. And more text. And more text.  And more text. And more text. And more text. And more text. And more  text. Oh, how boring typing this stuff. But not as boring as watching  paint dry. And more text. And more text. And more text. And more text.  Boring.  More, a little more text. The end, and just as well. </msg>
<status status="PASS" starttime="20210507 18:23:31.350" endtime="20210507 18:23:31.352"></status>
</kw>
<kw name="Should Be Equal" library="BuiltIn">
<doc>Fails if the given objects are unequal.</doc>
<arguments>
<arg>${pdf_text1}</arg>
<arg>${PDF_PATH2}</arg>
</arguments>
<msg timestamp="20210507 18:23:31.355" level="FAIL"> A Simple PDF File  This is a small demonstration .pdf file -  just for use in the Virtual Mechanics tutorials. More text. And more  text. And more text. And more text. And more text.  And more text. And more text. And more text. And more text. And more  text. And more text. Boring, zzzzz. And more text. And more text. And  more text. And more text. And more text. And more text. And more text.  And more text. And more text.  And more text. And more text. And more text. And more text. And more  text. And more text. And more text. Even more. Continued on page 2 ... Simple PDF File 2  ...continued from page 1. Yet more text. And more text. And more text.  And more text. And more text. And more text. And more text. And more  text. Oh, how boring typing this stuff. But not as boring as watching  paint dry. And more text. And more text. And more text. And more text.  Boring.  More, a little more text. The end, and just as well.  != sample2.pdf</msg>
<status status="FAIL" starttime="20210507 18:23:31.353" endtime="20210507 18:23:31.355"></status>
</kw>
<status status="FAIL" starttime="20210507 18:23:31.286" endtime="20210507 18:23:31.356" critical="yes"> A Simple PDF File  This is a small demonstration .pdf file -  just for use in the Virtual Mechanics tutorials. More text. And more  text. And more text. And more text. And more text.  And more text. And more text. And more text. And more text. And more  text. And more text. Boring, zzzzz. And more text. And more text. And  more text. And more text. And more text. And more text. And more text.  And more text. And more text.  And more text. And more text. And more text. And more text. And more  text. And more text. And more text. Even more. Continued on page 2 ... Simple PDF File 2  ...continued from page 1. Yet more text. And more text. And more text.  And more text. And more text. And more text. And more text. And more  text. Oh, how boring typing this stuff. But not as boring as watching  paint dry. And more text. And more text. And more text. And more text.  Boring.  More, a little more text. The end, and just as well.  != sample2.pdf</status>
</test>
<status status="FAIL" starttime="20210507 18:23:31.155" endtime="20210507 18:23:31.363"></status>
</suite>
<statistics>
<total>
<stat pass="1" fail="2">Critical Tests</stat>
<stat pass="1" fail="2">All Tests</stat>
</total>
<tag>
</tag>
<suite>
<stat pass="1" fail="2" id="s1" name="Pdftest">Pdftest</stat>
</suite>
</statistics>
<errors>
</errors>
</robot>
